<?xml version="1.0" encoding="UTF-8"?>
<testsuite name="Búsqueda de Politicas de Objeto extraviado" tests="1" skipped="0" failures="1" errors="0" timestamp="2020-08-20T14:03:07" hostname="L50780L6CYWM5Y2" time="10.847">
  <properties/>
  <testcase name="Abrir el PDF Politicas de objeto extraviado" classname="Búsqueda de Politicas de Objeto extraviado" time="10.847">
    <failure message="cucumber.runtime.CucumberException: Arity mismatch: Step Definition 'co.com.banistmo.reto.stepdefinitions.TocumenStepDefinitions.hagoClickEnSERVICIOSINFORMACIONDELVIAJEROOBJETOSEXTRAVIADOS() in file:/C:/Users/kyoung/IdeaProjects/co.com.banistmo.reto/build/classes/java/test/' with pattern [^Hago click en (.*)/INFORMACION DEL VIAJERO/OBJETOS EXTRAVIADOS$] is declared with 0 parameters. However, the gherkin step has 1 arguments [SERVICIOS]. &#10;Step text: Hago click en SERVICIOS/INFORMACION DEL VIAJERO/OBJETOS EXTRAVIADOS" type="cucumber.runtime.CucumberException">cucumber.runtime.CucumberException: Arity mismatch: Step Definition 'co.com.banistmo.reto.stepdefinitions.TocumenStepDefinitions.hagoClickEnSERVICIOSINFORMACIONDELVIAJEROOBJETOSEXTRAVIADOS() in file:/C:/Users/kyoung/IdeaProjects/co.com.banistmo.reto/build/classes/java/test/' with pattern [^Hago click en (.*)/INFORMACION DEL VIAJERO/OBJETOS EXTRAVIADOS$] is declared with 0 parameters. However, the gherkin step has 1 arguments [SERVICIOS]. 
Step text: Hago click en SERVICIOS/INFORMACION DEL VIAJERO/OBJETOS EXTRAVIADOS
	at cucumber.runtime.StepDefinitionMatch.arityMismatch(StepDefinitionMatch.java:111)
	at cucumber.runtime.StepDefinitionMatch.transformedArgs(StepDefinitionMatch.java:66)
	at cucumber.runtime.StepDefinitionMatch.runStep(StepDefinitionMatch.java:40)
	at cucumber.api.TestStep.executeStep(TestStep.java:102)
	at cucumber.api.TestStep.run(TestStep.java:83)
	at cucumber.api.TestCase.run(TestCase.java:58)
	at cucumber.runner.Runner.runPickle(Runner.java:80)
	at cucumber.runtime.junit.PickleRunners$NoStepDescriptions.run(PickleRunners.java:140)
	at cucumber.runtime.junit.FeatureRunner.runChild(FeatureRunner.java:68)
	at cucumber.runtime.junit.FeatureRunner.runChild(FeatureRunner.java:23)
	at org.junit.runners.ParentRunner$3.run(ParentRunner.java:290)
	at org.junit.runners.ParentRunner$1.schedule(ParentRunner.java:71)
	at org.junit.runners.ParentRunner.runChildren(ParentRunner.java:288)
	at org.junit.runners.ParentRunner.access$000(ParentRunner.java:58)
	at org.junit.runners.ParentRunner$2.evaluate(ParentRunner.java:268)
	at org.junit.runners.ParentRunner.run(ParentRunner.java:363)
	at cucumber.runtime.junit.FeatureRunner.run(FeatureRunner.java:73)
	at cucumber.api.junit.Cucumber.runChild(Cucumber.java:117)
	at cucumber.api.junit.Cucumber.runChild(Cucumber.java:55)
	at org.junit.runners.ParentRunner$3.run(ParentRunner.java:290)
	at org.junit.runners.ParentRunner$1.schedule(ParentRunner.java:71)
	at org.junit.runners.ParentRunner.runChildren(ParentRunner.java:288)
	at org.junit.runners.ParentRunner.access$000(ParentRunner.java:58)
	at org.junit.runners.ParentRunner$2.evaluate(ParentRunner.java:268)
	at cucumber.api.junit.Cucumber$1.evaluate(Cucumber.java:126)
	at org.junit.runners.ParentRunner.run(ParentRunner.java:363)
	at org.gradle.api.internal.tasks.testing.junit.JUnitTestClassExecutor.runTestClass(JUnitTestClassExecutor.java:110)
	at org.gradle.api.internal.tasks.testing.junit.JUnitTestClassExecutor.execute(JUnitTestClassExecutor.java:58)
	at org.gradle.api.internal.tasks.testing.junit.JUnitTestClassExecutor.execute(JUnitTestClassExecutor.java:38)
	at org.gradle.api.internal.tasks.testing.junit.AbstractJUnitTestClassProcessor.processTestClass(AbstractJUnitTestClassProcessor.java:62)
	at org.gradle.api.internal.tasks.testing.SuiteTestClassProcessor.processTestClass(SuiteTestClassProcessor.java:51)
	at sun.reflect.NativeMethodAccessorImpl.invoke0(Native Method)
	at sun.reflect.NativeMethodAccessorImpl.invoke(NativeMethodAccessorImpl.java:62)
	at sun.reflect.DelegatingMethodAccessorImpl.invoke(DelegatingMethodAccessorImpl.java:43)
	at java.lang.reflect.Method.invoke(Method.java:498)
	at org.gradle.internal.dispatch.ReflectionDispatch.dispatch(ReflectionDispatch.java:36)
	at org.gradle.internal.dispatch.ReflectionDispatch.dispatch(ReflectionDispatch.java:24)
	at org.gradle.internal.dispatch.ContextClassLoaderDispatch.dispatch(ContextClassLoaderDispatch.java:33)
	at org.gradle.internal.dispatch.ProxyDispatchAdapter$DispatchingInvocationHandler.invoke(ProxyDispatchAdapter.java:94)
	at com.sun.proxy.$Proxy2.processTestClass(Unknown Source)
	at org.gradle.api.internal.tasks.testing.worker.TestWorker.processTestClass(TestWorker.java:118)
	at sun.reflect.NativeMethodAccessorImpl.invoke0(Native Method)
	at sun.reflect.NativeMethodAccessorImpl.invoke(NativeMethodAccessorImpl.java:62)
	at sun.reflect.DelegatingMethodAccessorImpl.invoke(DelegatingMethodAccessorImpl.java:43)
	at java.lang.reflect.Method.invoke(Method.java:498)
	at org.gradle.internal.dispatch.ReflectionDispatch.dispatch(ReflectionDispatch.java:36)
	at org.gradle.internal.dispatch.ReflectionDispatch.dispatch(ReflectionDispatch.java:24)
	at org.gradle.internal.remote.internal.hub.MessageHubBackedObjectConnection$DispatchWrapper.dispatch(MessageHubBackedObjectConnection.java:182)
	at org.gradle.internal.remote.internal.hub.MessageHubBackedObjectConnection$DispatchWrapper.dispatch(MessageHubBackedObjectConnection.java:164)
	at org.gradle.internal.remote.internal.hub.MessageHub$Handler.run(MessageHub.java:412)
	at org.gradle.internal.concurrent.ExecutorPolicy$CatchAndRecordFailures.onExecute(ExecutorPolicy.java:64)
	at org.gradle.internal.concurrent.ManagedExecutorImpl$1.run(ManagedExecutorImpl.java:48)
	at java.util.concurrent.ThreadPoolExecutor.runWorker(ThreadPoolExecutor.java:1149)
	at java.util.concurrent.ThreadPoolExecutor$Worker.run(ThreadPoolExecutor.java:624)
	at org.gradle.internal.concurrent.ThreadFactoryImpl$ManagedThreadRunnable.run(ThreadFactoryImpl.java:56)
	at java.lang.Thread.run(Thread.java:748)
</failure>
  </testcase>
  <system-out><![CDATA[]]></system-out>
  <system-err><![CDATA[ago 20, 2020 9:03:07 AM org.openqa.selenium.remote.DesiredCapabilities chrome
INFORMACIÓN: Using `new ChromeOptions()` is preferred to `DesiredCapabilities.chrome()`
Starting ChromeDriver 81.0.4044.138 (8c6c7ba89cc9453625af54f11fd83179e23450fa-refs/branch-heads/4044@{#999}) on port 24044
Only local connections are allowed.
Please protect ports used by ChromeDriver and related test frameworks to prevent access by malicious code.
ago 20, 2020 9:03:13 AM org.openqa.selenium.remote.ProtocolHandshake createSession
INFORMACIÓN: Detected dialect: W3C
[1597932194.037][SEVERE]: Timed out receiving message from renderer: 0.100
[1597932194.278][SEVERE]: Timed out receiving message from renderer: 0.100
[1597932194.380][SEVERE]: Timed out receiving message from renderer: 0.100
[1597932194.554][SEVERE]: Timed out receiving message from renderer: 0.100
[1597932194.656][SEVERE]: Timed out receiving message from renderer: 0.100
[1597932194.928][SEVERE]: Timed out receiving message from renderer: 0.100
[1597932195.030][SEVERE]: Timed out receiving message from renderer: 0.100
[1597932195.132][SEVERE]: Timed out receiving message from renderer: 0.100
[1597932195.236][SEVERE]: Timed out receiving message from renderer: 0.100
[Test worker] ERROR net.serenitybdd.core.Serenity - 
           __  _____ _____ ____ _____   _____ _    ___ _     _____ ____  
  _       / / |_   _| ____/ ___|_   _| |  ___/ \  |_ _| |   | ____|  _ \ 
 (_)_____| |    | | |  _| \___ \ | |   | |_ / _ \  | || |   |  _| | | | |
  _|_____| |    | | | |___ ___) || |   |  _/ ___ \ | || |___| |___| |_| |
 (_)     | |    |_| |_____|____/ |_|   |_|/_/   \_\___|_____|_____|____/ 
          \_\                                                            

TEST FAILED WITH ERROR: Abrir el PDF Politicas de objeto extraviado
---------------------------------------------------------------------
[Test worker] ERROR net.serenitybdd.core.Serenity - TEST FAILED AT STEP Cuando Hago click en SERVICIOS/INFORMACION DEL VIAJERO/OBJETOS EXTRAVIADOS
[Test worker] ERROR net.serenitybdd.core.Serenity - Arity mismatch: Step Definition 'co.com.banistmo.reto.stepdefinitions.TocumenStepDefinitions.hagoClickEnSERVICIOSINFORMACIONDELVIAJEROOBJETOSEXTRAVIADOS() in file:/C:/Users/kyoung/IdeaProjects/co.com.banistmo.reto/build/classes/java/test/' with pattern [^Hago click en (.*)/INFORMACION DEL VIAJERO/OBJETOS EXTRAVIADOS$] is declared with 0 parameters. However, the gherkin step has 1 arguments [SERVICIOS]. 
]]></system-err>
</testsuite>
